
> app@ dev /home/ubuntu/portal_cosmico/nextjs_space
> next dev

  ▲ Next.js 14.2.28
  - Local:        http://localhost:3000
  - Environments: .env
  - Experiments (use with caution):
    · outputFileTracingRoot

 ✓ Starting...
 ✓ Ready in 2.4s
 ○ Compiling / ...
(node:24831) [DEP0040] DeprecationWarning: The `punycode` module is deprecated. Please use a userland alternative instead.
(Use `node --trace-deprecation ...` to show where the warning was created)
 ✓ Compiled / in 8.4s (1668 modules)
Notification scheduler desabilitado temporariamente
[next-auth][warn][NEXTAUTH_URL] 
https://next-auth.js.org/warnings#nextauth_url
 GET / 200 in 9211ms
 ✓ Compiled in 898ms (689 modules)
 ○ Compiling /api/auth/[...nextauth] ...
 ✓ Compiled /dashboard in 4.4s (965 modules)
 ✓ Compiled in 1394ms (713 modules)
[next-auth][warn][NEXTAUTH_URL] 
https://next-auth.js.org/warnings#nextauth_url
 GET /dashboard?_rsc=3y0gy 200 in 43ms
 GET /api/auth/session 200 in 6538ms
 ✓ Compiled /api/daily-challenge in 325ms (1033 modules)
[next-auth][warn][NEXTAUTH_URL] 
https://next-auth.js.org/warnings#nextauth_url
 GET /api/auth/session 200 in 413ms
 GET /api/daily-challenge 200 in 602ms
 GET /api/daily-challenge 200 in 14ms
 ✓ Compiled in 617ms (727 modules)
 GET /dashboard?_rsc=1jqx0 200 in 53ms
 ✓ Compiled in 451ms (727 modules)
 GET /dashboard?_rsc=1jqx0 200 in 49ms
 ✓ Compiled in 1380ms (1689 modules)
[next-auth][warn][NEXTAUTH_URL] 
https://next-auth.js.org/warnings#nextauth_url
 GET /dashboard?_rsc=1jqx0 200 in 161ms
 ⚠ Fast Refresh had to perform a full reload due to a runtime error.
 GET /dashboard 200 in 208ms
 ✓ Compiled /api/daily-challenge in 299ms (960 modules)
 ✓ Compiled (987 modules)
[next-auth][warn][NEXTAUTH_URL] 
https://next-auth.js.org/warnings#nextauth_url
 GET /api/auth/session 200 in 642ms
 GET /api/daily-challenge 200 in 590ms
 GET /api/auth/session 200 in 20ms
 GET /api/daily-challenge 200 in 31ms
 ✓ Compiled / in 175ms (1040 modules)
[next-auth][warn][NEXTAUTH_URL] 
https://next-auth.js.org/warnings#nextauth_url
 GET / 200 in 404ms
 GET /api/auth/session 200 in 31ms
 GET /api/auth/session 200 in 18ms
 GET /dashboard?_rsc=3y0gy 200 in 21ms
 GET /api/daily-challenge 200 in 38ms
 GET /api/daily-challenge 200 in 16ms
 GET /dashboard 200 in 75ms
 GET /api/auth/session 200 in 37ms
 GET /api/auth/session 200 in 18ms
 GET /api/daily-challenge 200 in 18ms
 GET /api/daily-challenge 200 in 14ms
 GET /dashboard 200 in 36ms
 GET /api/auth/session 200 in 37ms
 GET /api/auth/session 200 in 18ms
 GET /api/daily-challenge 200 in 19ms
 GET /api/daily-challenge 200 in 22ms
 ✓ Compiled in 677ms (733 modules)
 GET /dashboard?_rsc=1jqx0 200 in 22ms
 GET /dashboard?_rsc=1jqx0 200 in 21ms
 ⨯ ./app/dashboard/dashboard-client.tsx
Error: 
  [31mx[0m Unterminated string constant
    ,-[[36;1;4m/home/ubuntu/portal_cosmico/nextjs_space/app/dashboard/dashboard-client.tsx[0m:10:1]
 [2m10[0m | import Link from "next/link"
 [2m11[0m | import Image from "next/image"
 [2m12[0m | import PricingModal from '@/components/PricingModal';
 [2m13[0m | import NewPricingModal from '@/components/PricingModal';dal'
    : [31;1m                                                           ^[0m
 [2m14[0m | import { SubscriptionBadge } from '@/components/subscription-badge'
 [2m15[0m | import { LevelProgress } from '@/components/level-progress'
 [2m16[0m | import DailyChallengeCard from '@/components/gamification/DailyChallengeCard'
    `----

  [31mx[0m Expected ';', '}' or <eof>
    ,-[[36;1;4m/home/ubuntu/portal_cosmico/nextjs_space/app/dashboard/dashboard-client.tsx[0m:10:1]
 [2m10[0m | import Link from "next/link"
 [2m11[0m | import Image from "next/image"
 [2m12[0m | import PricingModal from '@/components/PricingModal';
 [2m13[0m | import NewPricingModal from '@/components/PricingModal';dal'
    : [31;1m                                                        ^|^[0m[33;1m^[0m
    :                                                          [31;1m`-- [31;1mThis is the expression part of an expression statement[0m[0m
 [2m14[0m | import { SubscriptionBadge } from '@/components/subscription-badge'
 [2m15[0m | import { LevelProgress } from '@/components/level-progress'
 [2m16[0m | import DailyChallengeCard from '@/components/gamification/DailyChallengeCard'
    `----

Caused by:
    Syntax Error

Import trace for requested module:
./app/dashboard/dashboard-client.tsx
./app/dashboard/page.tsx
 ○ Compiling /_error ...
 ⨯ ./app/dashboard/dashboard-client.tsx
Error: 
  [31mx[0m Unterminated string constant
    ,-[[36;1;4m/home/ubuntu/portal_cosmico/nextjs_space/app/dashboard/dashboard-client.tsx[0m:10:1]
 [2m10[0m | import Link from "next/link"
 [2m11[0m | import Image from "next/image"
 [2m12[0m | import PricingModal from '@/components/PricingModal';
 [2m13[0m | import NewPricingModal from '@/components/PricingModal';dal'
    : [31;1m                                                           ^[0m
 [2m14[0m | import { SubscriptionBadge } from '@/components/subscription-badge'
 [2m15[0m | import { LevelProgress } from '@/components/level-progress'
 [2m16[0m | import DailyChallengeCard from '@/components/gamification/DailyChallengeCard'
    `----

  [31mx[0m Expected ';', '}' or <eof>
    ,-[[36;1;4m/home/ubuntu/portal_cosmico/nextjs_space/app/dashboard/dashboard-client.tsx[0m:10:1]
 [2m10[0m | import Link from "next/link"
 [2m11[0m | import Image from "next/image"
 [2m12[0m | import PricingModal from '@/components/PricingModal';
 [2m13[0m | import NewPricingModal from '@/components/PricingModal';dal'
    : [31;1m                                                        ^|^[0m[33;1m^[0m
    :                                                          [31;1m`-- [31;1mThis is the expression part of an expression statement[0m[0m
 [2m14[0m | import { SubscriptionBadge } from '@/components/subscription-badge'
 [2m15[0m | import { LevelProgress } from '@/components/level-progress'
 [2m16[0m | import DailyChallengeCard from '@/components/gamification/DailyChallengeCard'
    `----

Caused by:
    Syntax Error

Import trace for requested module:
./app/dashboard/dashboard-client.tsx
./app/dashboard/page.tsx
 GET /dashboard 500 in 34ms
 ⨯ ./app/dashboard/dashboard-client.tsx
Error: 
  [31mx[0m Unterminated string constant
    ,-[[36;1;4m/home/ubuntu/portal_cosmico/nextjs_space/app/dashboard/dashboard-client.tsx[0m:10:1]
 [2m10[0m | import Link from "next/link"
 [2m11[0m | import Image from "next/image"
 [2m12[0m | import PricingModal from '@/components/PricingModal';
 [2m13[0m | import NewPricingModal from '@/components/PricingModal';dal'
    : [31;1m                                                           ^[0m
 [2m14[0m | import { SubscriptionBadge } from '@/components/subscription-badge'
 [2m15[0m | import { LevelProgress } from '@/components/level-progress'
 [2m16[0m | import DailyChallengeCard from '@/components/gamification/DailyChallengeCard'
    `----

  [31mx[0m Expected ';', '}' or <eof>
    ,-[[36;1;4m/home/ubuntu/portal_cosmico/nextjs_space/app/dashboard/dashboard-client.tsx[0m:10:1]
 [2m10[0m | import Link from "next/link"
 [2m11[0m | import Image from "next/image"
 [2m12[0m | import PricingModal from '@/components/PricingModal';
 [2m13[0m | import NewPricingModal from '@/components/PricingModal';dal'
    : [31;1m                                                        ^|^[0m[33;1m^[0m
    :                                                          [31;1m`-- [31;1mThis is the expression part of an expression statement[0m[0m
 [2m14[0m | import { SubscriptionBadge } from '@/components/subscription-badge'
 [2m15[0m | import { LevelProgress } from '@/components/level-progress'
 [2m16[0m | import DailyChallengeCard from '@/components/gamification/DailyChallengeCard'
    `----

Caused by:
    Syntax Error

Import trace for requested module:
./app/dashboard/dashboard-client.tsx
./app/dashboard/page.tsx
 GET /_next/static/webpack/f3dde04313810f25.webpack.hot-update.json 500 in 1511ms
 GET /_next/static/webpack/e4a5d54e0b138e04.webpack.hot-update.json 500 in 919ms
 ⚠ Fast Refresh had to perform a full reload due to a runtime error.
 GET /dashboard 500 in 39ms
 GET /dashboard 500 in 46ms
 ⚠ Fast Refresh had to perform a full reload. Read more: https://nextjs.org/docs/messages/fast-refresh-reload
 GET /dashboard 500 in 46ms
<w> [webpack.cache.PackFileCacheStrategy] Caching failed for pack: Error: ENOENT: no such file or directory, rename '/home/ubuntu/portal_cosmico/nextjs_space/.next/cache/webpack/client-development-fallback/0.pack.gz_' -> '/home/ubuntu/portal_cosmico/nextjs_space/.next/cache/webpack/client-development-fallback/0.pack.gz'
 ⨯ ./app/dashboard/dashboard-client.tsx
Error: 
  [31mx[0m Expected ',', got 'isOpen'
     ,-[[36;1;4m/home/ubuntu/portal_cosmico/nextjs_space/app/dashboard/dashboard-client.tsx[0m:405:1]
 [2m405[0m | </div>
 [2m406[0m |     </div>
 [2m407[0m | 
 [2m408[0m |     <NewPricingModal isOpen={newPricingModalOpen} onClose={() => setNewPricingModalOpen(false)} />
     : [31;1m                     ^^^^^^[0m
 [2m409[0m |   )
 [2m410[0m | }
     `----

Caused by:
    Syntax Error

Import trace for requested module:
./app/dashboard/dashboard-client.tsx
./app/dashboard/page.tsx
 GET /_next/static/webpack/e4a5d54e0b138e04.webpack.hot-update.json 500 in 2440ms
 ⚠ Fast Refresh had to perform a full reload due to a runtime error.
 GET /dashboard 200 in 6ms
 GET /dashboard 500 in 14ms
 ✓ Compiled /_not-found in 1880ms (1919 modules)
 ⚠ Fast Refresh had to perform a full reload due to a runtime error.
 GET /dashboard 200 in 651ms
[next-auth][warn][NEXTAUTH_URL] 
https://next-auth.js.org/warnings#nextauth_url
 GET /_next/static/webpack/e4a5d54e0b138e04.webpack.hot-update.json 404 in 2774ms
 GET /dashboard 200 in 141ms
 GET /_next/static/css/app/layout.css?v=1761795294289 404 in 26ms
 GET /_next/static/chunks/main-app.js?v=1761795294289 404 in 37ms
 GET /_next/static/chunks/app-pages-internals.js 404 in 39ms
 ✓ Compiled in 475ms (928 modules)
 ✓ Compiled in 537ms (926 modules)
 ✓ Compiled in 970ms (1930 modules)
 ○ Compiling /_not-found ...
 ✓ Compiled /_not-found in 1979ms (1919 modules)
 GET /dashboard 404 in 2171ms
 ✓ Compiled /api/auth/[...nextauth] in 198ms (1009 modules)
[next-auth][warn][NEXTAUTH_URL] 
https://next-auth.js.org/warnings#nextauth_url
 GET /api/auth/session 200 in 335ms
 GET /api/auth/session 200 in 15ms
 GET /dashboard 200 in 216ms
 GET /_next/static/chunks/app/dashboard/page.js 404 in 24ms
 GET /api/auth/session 200 in 33ms
 GET /api/auth/session 200 in 15ms
 ✓ Compiled /journal in 440ms (1939 modules)
 GET /journal 200 in 553ms
 ⚠ Fast Refresh had to perform a full reload due to a runtime error.
[next-auth][warn][NEXTAUTH_URL] 
https://next-auth.js.org/warnings#nextauth_url
 GET /api/auth/session 200 in 76ms
 GET /api/auth/session 200 in 13ms
 GET /dashboard?_rsc=3y0gy 200 in 30ms
 GET /_next/static/chunks/app/dashboard/page.js 404 in 21ms
 GET /dashboard 200 in 35ms
 GET /_next/static/chunks/app/dashboard/page.js 404 in 17ms
 ✓ Compiled in 5.9s (1946 modules)
 ✓ Compiled in 4.2s (1932 modules)
 ✓ Compiled in 756ms (1932 modules)
<w> [webpack.cache.PackFileCacheStrategy] Caching failed for pack: Error: ENOENT: no such file or directory, rename '/home/ubuntu/portal_cosmico/nextjs_space/.next/cache/webpack/client-development-fallback/0.pack.gz_' -> '/home/ubuntu/portal_cosmico/nextjs_space/.next/cache/webpack/client-development-fallback/0.pack.gz'
 ⚠ Found a change in next.config.js. Restarting the server to apply the changes...

  #  Node.js[24831]: void node::ResetStdio() at ../src/node.cc:760
  #  Assertion failed: !(err != 0) || (err == -1 && (*__errno_location ()) == 1)

----- Native stack trace -----

 1: 0xf95cf7 node::Assert(node::AssertionInfo const&) [next-server (v14.2.28)]
 2: 0xf42264  [next-server (v14.2.28)]
 3: 0x7f9673645495  [/lib/x86_64-linux-gnu/libc.so.6]
 4: 0x7f9673645610 on_exit [/lib/x86_64-linux-gnu/libc.so.6]
 5: 0xe98a4f node::DefaultProcessExitHandlerInternal(node::Environment*, node::ExitCode) [next-server (v14.2.28)]
 6: 0xf01e4f node::Environment::Exit(node::ExitCode) [next-server (v14.2.28)]
 7: 0x1d755e2  [next-server (v14.2.28)]

  #  Node.js[24831]: void node::ResetStdio() at ../src/node.cc:760
  #  Assertion failed: !(err != 0) || (err == -1 && (*__errno_location ()) == 1)

----- Native stack trace -----

 1: 0xf95cf7 node::Assert(node::AssertionInfo const&) [next-server (v14.2.28)]
 2: 0xf42264  [next-server (v14.2.28)]
 3: 0xf42982 node::TrapWebAssemblyOrContinue(int, siginfo_t*, void*) [next-server (v14.2.28)]
 4: 0x7f9673642520  [/lib/x86_64-linux-gnu/libc.so.6]

  #  node[24815]: void node::ResetStdio() at ../src/node.cc:760
  #  Assertion failed: !(err != 0) || (err == -1 && (*__errno_location ()) == 1)

----- Native stack trace -----

 1: 0xf95cf7 node::Assert(node::AssertionInfo const&) [node]
 2: 0xf42264  [node]
 3: 0xf43201 node::TearDownOncePerProcess() [node]
 4: 0xf49cac node::Start(int, char**) [node]
 5: 0x7f0fed629d90  [/lib/x86_64-linux-gnu/libc.so.6]
 6: 0x7f0fed629e40 __libc_start_main [/lib/x86_64-linux-gnu/libc.so.6]
 7: 0xe8e4fe _start [node]
Aborted
 ELIFECYCLE  Command failed with exit code 134.

  #  Node.js[24803]: void node::ResetStdio() at ../src/node.cc:760
  #  Assertion failed: !(err != 0) || (err == -1 && (*__errno_location ()) == 1)

----- Native stack trace -----

 1: 0xf95cf7 node::Assert(node::AssertionInfo const&) [node]
 2: 0xf42264  [node]
 3: 0x7f890e645495  [/lib/x86_64-linux-gnu/libc.so.6]
 4: 0x7f890e645610 on_exit [/lib/x86_64-linux-gnu/libc.so.6]
 5: 0xe98a4f node::DefaultProcessExitHandlerInternal(node::Environment*, node::ExitCode) [node]
 6: 0xf01e4f node::Environment::Exit(node::ExitCode) [node]
 7: 0x1d755e2  [node]

  #  Node.js[24803]: void node::ResetStdio() at ../src/node.cc:760
  #  Assertion failed: !(err != 0) || (err == -1 && (*__errno_location ()) == 1)

----- Native stack trace -----

 1: 0xf95cf7 node::Assert(node::AssertionInfo const&) [node]
 2: 0xf42264  [node]
 3: 0xf42982 node::TrapWebAssemblyOrContinue(int, siginfo_t*, void*) [node]
 4: 0x7f890e642520  [/lib/x86_64-linux-gnu/libc.so.6]
